<?xml version="1.0" encoding="UTF-8" ?>
<testsuite tests="1" failures="0" name="ExpressExcelReadTest" time="1.821" errors="0" skipped="0">
  <properties>
    <property name="idea.version" value="2021.2.3"/>
    <property name="java.runtime.name" value="Java(TM) SE Runtime Environment"/>
    <property name="sun.boot.library.path" value="E:\Java\jdk1.8.0_144\jre\bin"/>
    <property name="java.vm.version" value="25.144-b01"/>
    <property name="java.vm.vendor" value="Oracle Corporation"/>
    <property name="maven.multiModuleProjectDirectory" value="D:\DataCenter\IDEA_WorkSpace\expressQuery"/>
    <property name="java.vendor.url" value="http://java.oracle.com/"/>
    <property name="path.separator" value=";"/>
    <property name="guice.disable.misplaced.annotation.check" value="true"/>
    <property name="java.vm.name" value="Java HotSpot(TM) 64-Bit Server VM"/>
    <property name="file.encoding.pkg" value="sun.io"/>
    <property name="user.script" value=""/>
    <property name="user.country" value="CN"/>
    <property name="sun.java.launcher" value="SUN_STANDARD"/>
    <property name="sun.os.patch.level" value=""/>
    <property name="java.vm.specification.name" value="Java Virtual Machine Specification"/>
    <property name="user.dir" value="D:\DataCenter\IDEA_WorkSpace\expressQuery"/>
    <property name="java.runtime.version" value="1.8.0_144-b01"/>
    <property name="java.awt.graphicsenv" value="sun.awt.Win32GraphicsEnvironment"/>
    <property name="java.endorsed.dirs" value="E:\Java\jdk1.8.0_144\jre\lib\endorsed"/>
    <property name="os.arch" value="amd64"/>
    <property name="java.io.tmpdir" value="C:\Users\wsj60\AppData\Local\Temp\"/>
    <property name="line.separator" value="
"/>
    <property name="java.vm.specification.vendor" value="Oracle Corporation"/>
    <property name="user.variant" value=""/>
    <property name="os.name" value="Windows 10"/>
    <property name="maven.ext.class.path" value="E:\idea\IntelliJIDEA2021.2.3\plugins\maven\lib\maven-event-listener.jar"/>
    <property name="classworlds.conf" value="D:\DataCenter\IDEA_WorkSpace\maven\apache-maven-3.5.0\bin\m2.conf"/>
    <property name="sun.jnu.encoding" value="GBK"/>
    <property name="java.library.path" value="E:\Java\jdk1.8.0_144\bin;C:\WINDOWS\Sun\Java\bin;C:\WINDOWS\system32;C:\WINDOWS;C:\Program Files (x86)\Parallels\Parallels Tools\Applications;E:\app\AJUN\product\11.2.0\dbhome_1\bin;C:\WINDOWS\system32;C:\WINDOWS;C:\WINDOWS\System32\Wbem;C:\WINDOWS\System32\WindowsPowerShell\v1.0\;E:\Software\OpenSSH-Win64;E:\Software\mysql\bin;D:\DataCenter\IDEA_WorkSpace\maven\apache-maven-3.5.0\bin;E:\Java\jdk1.8.0_144\bin;E:\Java\jdk1.8.0_144\jre\bin;C:\Program Files (x86)\NVIDIA Corporation\PhysX\Common;C:\WINDOWS\system32;C:\WINDOWS;C:\WINDOWS\System32\Wbem;C:\WINDOWS\System32\WindowsPowerShell\v1.0\;C:\WINDOWS\System32\OpenSSH\;E:\Software\Git\cmd;C:\Users\wsj60\AppData\Local\Microsoft\WindowsApps;;E:\Software\idea\IntelliJIDEA2020.1\bin;;."/>
    <property name="maven.conf" value="D:\DataCenter\IDEA_WorkSpace\maven\apache-maven-3.5.0/conf"/>
    <property name="java.specification.name" value="Java Platform API Specification"/>
    <property name="java.class.version" value="52.0"/>
    <property name="sun.management.compiler" value="HotSpot 64-Bit Tiered Compilers"/>
    <property name="maven.repo.local" value="D:\DataCenter\IDEA_WorkSpace\maven\repo"/>
    <property name="os.version" value="10.0"/>
    <property name="library.jansi.path" value="D:\DataCenter\IDEA_WorkSpace\maven\apache-maven-3.5.0\lib\jansi-native\windows64"/>
    <property name="user.home" value="C:\Users\wsj60"/>
    <property name="user.timezone" value="Asia/Irkutsk"/>
    <property name="java.awt.printerjob" value="sun.awt.windows.WPrinterJob"/>
    <property name="java.specification.version" value="1.8"/>
    <property name="file.encoding" value="UTF-8"/>
    <property name="user.name" value="AJUN"/>
    <property name="java.class.path" value="D:\DataCenter\IDEA_WorkSpace\maven\apache-maven-3.5.0\boot\plexus-classworlds-2.5.2.jar;E:\idea\IntelliJIDEA2021.2.3\lib\idea_rt.jar"/>
    <property name="java.vm.specification.version" value="1.8"/>
    <property name="sun.arch.data.model" value="64"/>
    <property name="java.home" value="E:\Java\jdk1.8.0_144\jre"/>
    <property name="sun.java.command" value="org.codehaus.classworlds.Launcher -Didea.version=2021.2.3 -s D:\DataCenter\IDEA_WorkSpace\maven\apache-maven-3.5.0\conf\settings.xml -Dmaven.repo.local=D:\DataCenter\IDEA_WorkSpace\maven\repo package"/>
    <property name="java.specification.vendor" value="Oracle Corporation"/>
    <property name="user.language" value="zh"/>
    <property name="awt.toolkit" value="sun.awt.windows.WToolkit"/>
    <property name="java.vm.info" value="mixed mode"/>
    <property name="java.version" value="1.8.0_144"/>
    <property name="java.ext.dirs" value="E:\Java\jdk1.8.0_144\jre\lib\ext;C:\WINDOWS\Sun\Java\lib\ext"/>
    <property name="sun.boot.class.path" value="E:\Java\jdk1.8.0_144\jre\lib\resources.jar;E:\Java\jdk1.8.0_144\jre\lib\rt.jar;E:\Java\jdk1.8.0_144\jre\lib\sunrsasign.jar;E:\Java\jdk1.8.0_144\jre\lib\jsse.jar;E:\Java\jdk1.8.0_144\jre\lib\jce.jar;E:\Java\jdk1.8.0_144\jre\lib\charsets.jar;E:\Java\jdk1.8.0_144\jre\lib\jfr.jar;E:\Java\jdk1.8.0_144\jre\classes"/>
    <property name="java.vendor" value="Oracle Corporation"/>
    <property name="maven.home" value="D:\DataCenter\IDEA_WorkSpace\maven\apache-maven-3.5.0"/>
    <property name="file.separator" value="\"/>
    <property name="java.vendor.url.bug" value="http://bugreport.sun.com/bugreport/"/>
    <property name="sun.cpu.endian" value="little"/>
    <property name="sun.io.unicode.encoding" value="UnicodeLittle"/>
    <property name="sun.desktop" value="windows"/>
    <property name="sun.cpu.isalist" value="amd64"/>
  </properties>
  <testcase classname="ExpressExcelReadTest" name="read" time="1.821"/>
</testsuite>